#
# There is insufficient memory for the Java Runtime Environment to continue.
# Native memory allocation (malloc) failed to allocate 1173296 bytes for Chunk::new
# Possible reasons:
#   The system is out of physical RAM or swap space
#   The process is running with CompressedOops enabled, and the Java Heap may be blocking the growth of the native heap
# Possible solutions:
#   Reduce memory load on the system
#   Increase physical memory or swap space
#   Check if swap backing store is full
#   Decrease Java heap size (-Xmx/-Xms)
#   Decrease number of Java threads
#   Decrease Java thread stack sizes (-Xss)
#   Set larger code cache with -XX:ReservedCodeCacheSize=
#   JVM is running with Zero Based Compressed Oops mode in which the Java heap is
#     placed in the first 32GB address space. The Java Heap base address is the
#     maximum limit for the native heap growth. Please use -XX:HeapBaseMinAddress
#     to set the Java Heap base and to place the Java Heap above 32GB virtual address.
# This output file may be truncated or incomplete.
#
#  Out of Memory Error (allocation.cpp:389), pid=35516, tid=0x0000000000008be8
#
# JRE version: OpenJDK Runtime Environment (8.0_322-b06) (build 1.8.0_322-b06)
# Java VM: OpenJDK 64-Bit Server VM (25.322-b06 mixed mode windows-amd64 compressed oops)
# Failed to write core dump. Minidumps are not enabled by default on client versions of Windows
#

---------------  T H R E A D  ---------------

Current thread (0x000001f0722cb800):  JavaThread "C2 CompilerThread0" daemon [_thread_in_native, id=35816, stack(0x000000cb2e000000,0x000000cb2e100000)]

Stack: [0x000000cb2e000000,0x000000cb2e100000]
[error occurred during error reporting (printing stack bounds), id 0xc0000005]

Native frames: (J=compiled Java code, j=interpreted, Vv=VM code, C=native code)


Current CompileTask:
C2:   5466 3717       4       org.springframework.util.StringUtils::cleanPath (346 bytes)


---------------  P R O C E S S  ---------------

Java Threads: ( => current thread )
  0x000001f073fb0000 JavaThread "logback-10" daemon [_thread_blocked, id=24592, stack(0x000000cb2e800000,0x000000cb2e900000)]
  0x000001f073faf800 JavaThread "logback-9" daemon [_thread_blocked, id=24080, stack(0x000000cb2e700000,0x000000cb2e800000)]
  0x000001f073fae000 JavaThread "logback-8" daemon [_thread_blocked, id=34708, stack(0x000000cb2e600000,0x000000cb2e700000)]
  0x000001f072374000 JavaThread "Service Thread" daemon [_thread_blocked, id=30264, stack(0x000000cb2e400000,0x000000cb2e500000)]
  0x000001f0722db800 JavaThread "C1 CompilerThread3" daemon [_thread_blocked, id=26888, stack(0x000000cb2e300000,0x000000cb2e400000)]
  0x000001f0722db000 JavaThread "C2 CompilerThread2" daemon [_thread_in_native, id=37728, stack(0x000000cb2e200000,0x000000cb2e300000)]
  0x000001f0722da000 JavaThread "C2 CompilerThread1" daemon [_thread_in_native, id=8544, stack(0x000000cb2e100000,0x000000cb2e200000)]
=>0x000001f0722cb800 JavaThread "C2 CompilerThread0" daemon [_thread_in_native, id=35816, stack(0x000000cb2e000000,0x000000cb2e100000)]
  0x000001f0722b3000 JavaThread "JDWP Command Reader" daemon [_thread_in_native, id=36432, stack(0x000000cb2df00000,0x000000cb2e000000)]
  0x000001f0722a2800 JavaThread "JDWP Event Helper Thread" daemon [_thread_blocked, id=29152, stack(0x000000cb2de00000,0x000000cb2df00000)]
  0x000001f07229d800 JavaThread "JDWP Transport Listener: dt_socket" daemon [_thread_blocked, id=14344, stack(0x000000cb2dd00000,0x000000cb2de00000)]
  0x000001f072279000 JavaThread "Attach Listener" daemon [_thread_blocked, id=35708, stack(0x000000cb2dc00000,0x000000cb2dd00000)]
  0x000001f072266000 JavaThread "Signal Dispatcher" daemon [_thread_blocked, id=26300, stack(0x000000cb2db00000,0x000000cb2dc00000)]
  0x000001f06ffcd000 JavaThread "Finalizer" daemon [_thread_blocked, id=37156, stack(0x000000cb2da00000,0x000000cb2db00000)]
  0x000001f06ffc5800 JavaThread "Reference Handler" daemon [_thread_blocked, id=30712, stack(0x000000cb2d900000,0x000000cb2da00000)]
  0x000001f05605f000 JavaThread "main" [_thread_in_vm, id=37440, stack(0x000000cb2cd00000,0x000000cb2ce00000)]

Other Threads:
  0x000001f06fc0e800 VMThread [stack: 0x000000cb2d800000,0x000000cb2d900000] [id=31188]
  0x000001f0722b9800 WatcherThread [stack: 0x000000cb2e500000,0x000000cb2e600000] [id=35100]

VM state:not at safepoint (normal execution)

VM Mutex/Monitor currently owned by a thread: None

heap address: 0x00000006e2400000, size: 3548 MB, Compressed Oops mode: Zero based, Oop shift amount: 3
Narrow klass base: 0x0000000000000000, Narrow klass shift: 3
Compressed class space size: 1073741824 Address: 0x00000007c0000000

Heap:
 PSYoungGen      total 422912K, used 275567K [0x0000000776180000, 0x0000000792480000, 0x00000007c0000000)
  eden space 414720K, 66% used [0x0000000776180000,0x0000000786e9be58,0x000000078f680000)
  from space 8192K, 0% used [0x000000078ff00000,0x000000078ff00000,0x0000000790700000)
  to   space 8704K, 0% used [0x000000078f680000,0x000000078f680000,0x000000078ff00000)
 ParOldGen       total 126464K, used 13072K [0x00000006e2400000, 0x00000006e9f80000, 0x0000000776180000)
  object space 126464K, 10% used [0x00000006e2400000,0x00000006e30c40d0,0x00000006e9f80000)
 Metaspace       used 35897K, capacity 38248K, committed 38440K, reserved 1083392K
  class space    used 4629K, capacity 5054K, committed 5168K, reserved 1048576K

Card table byte_map: [0x000001f0671b0000,0x000001f0678a0000] byte_map_base: 0x000001f063a9e000

Marking Bits: (ParMarkBitMap*) 0x000000006fc82850
 Begin Bits: [0x000001f067d40000, 0x000001f06b4b0000)
 End Bits:   [0x000001f06b4b0000, 0x000001f06ec20000)

Polling page: 0x000001f0561d0000

CodeCache: size=245760Kb used=13988Kb max_used=13988Kb free=231771Kb
 bounds [0x000001f057df0000, 0x000001f058bb0000, 0x000001f066df0000]
 total_blobs=4178 nmethods=3772 adapters=327
 compilation: enabled

Compilation events (10 events):
Event: 5.457 Thread 0x000001f0722db800 nmethod 3793 0x000001f058b98250 code [0x000001f058b983c0, 0x000001f058b985f0]
Event: 5.457 Thread 0x000001f0722db800 3794   !   3       org.springframework.core.annotation.AnnotationsScanner::processClassInheritedAnnotations (247 bytes)
Event: 5.458 Thread 0x000001f0722db800 nmethod 3794 0x000001f058b98750 code [0x000001f058b98a40, 0x000001f058b9a3e0]
Event: 5.461 Thread 0x000001f0722db800 3795       3       org.springframework.beans.factory.support.AbstractBeanFactory::hasBeanCreationStarted (18 bytes)
Event: 5.462 Thread 0x000001f0722db800 nmethod 3795 0x000001f058b9b350 code [0x000001f058b9b4c0, 0x000001f058b9b750]
Event: 5.462 Thread 0x000001f0722db800 3796       3       java.util.Collections$SetFromMap::isEmpty (10 bytes)
Event: 5.462 Thread 0x000001f0722db800 nmethod 3796 0x000001f058b9b810 code [0x000001f058b9b980, 0x000001f058b9bbb0]
Event: 5.463 Thread 0x000001f0722db800 3797       3       org.springframework.core.BridgeMethodResolver::findBridgedMethod (117 bytes)
Event: 5.464 Thread 0x000001f0722db800 nmethod 3797 0x000001f058b9bc50 code [0x000001f058b9bf40, 0x000001f058b9d5a0]
Event: 5.464 Thread 0x000001f0722db800 3798   !   3       com.sun.proxy.$Proxy36::annotationType (29 bytes)

GC Heap History (10 events):
Event: 3.617 GC heap before
{Heap before GC invocations=10 (full 1):
 PSYoungGen      total 236032K, used 235068K [0x0000000776180000, 0x000000078d600000, 0x00000007c0000000)
  eden space 229376K, 100% used [0x0000000776180000,0x0000000784180000,0x0000000784180000)
  from space 6656K, 85% used [0x0000000784800000,0x0000000784d8f0d0,0x0000000784e80000)
  to   space 6656K, 0% used [0x0000000784180000,0x0000000784180000,0x0000000784800000)
 ParOldGen       total 87552K, used 7341K [0x00000006e2400000, 0x00000006e7980000, 0x0000000776180000)
  object space 87552K, 8% used [0x00000006e2400000,0x00000006e2b2b570,0x00000006e7980000)
 Metaspace       used 29208K, capacity 31118K, committed 31408K, reserved 1077248K
  class space    used 3803K, capacity 4157K, committed 4272K, reserved 1048576K
Event: 3.624 GC heap after
Heap after GC invocations=10 (full 1):
 PSYoungGen      total 236032K, used 6643K [0x0000000776180000, 0x000000078a500000, 0x00000007c0000000)
  eden space 229376K, 0% used [0x0000000776180000,0x0000000776180000,0x0000000784180000)
  from space 6656K, 99% used [0x0000000784180000,0x00000007847fceb0,0x0000000784800000)
  to   space 8192K, 0% used [0x0000000789d00000,0x0000000789d00000,0x000000078a500000)
 ParOldGen       total 87552K, used 9292K [0x00000006e2400000, 0x00000006e7980000, 0x0000000776180000)
  object space 87552K, 10% used [0x00000006e2400000,0x00000006e2d131b0,0x00000006e7980000)
 Metaspace       used 29208K, capacity 31118K, committed 31408K, reserved 1077248K
  class space    used 3803K, capacity 4157K, committed 4272K, reserved 1048576K
}
Event: 4.595 GC heap before
{Heap before GC invocations=11 (full 1):
 PSYoungGen      total 236032K, used 236019K [0x0000000776180000, 0x000000078a500000, 0x00000007c0000000)
  eden space 229376K, 100% used [0x0000000776180000,0x0000000784180000,0x0000000784180000)
  from space 6656K, 99% used [0x0000000784180000,0x00000007847fceb0,0x0000000784800000)
  to   space 8192K, 0% used [0x0000000789d00000,0x0000000789d00000,0x000000078a500000)
 ParOldGen       total 87552K, used 9292K [0x00000006e2400000, 0x00000006e7980000, 0x0000000776180000)
  object space 87552K, 10% used [0x00000006e2400000,0x00000006e2d131b0,0x00000006e7980000)
 Metaspace       used 31551K, capacity 33570K, committed 33712K, reserved 1079296K
  class space    used 4132K, capacity 4511K, committed 4528K, reserved 1048576K
Event: 4.599 GC heap after
Heap after GC invocations=11 (full 1):
 PSYoungGen      total 314368K, used 5702K [0x0000000776180000, 0x000000078a300000, 0x00000007c0000000)
  eden space 308224K, 0% used [0x0000000776180000,0x0000000776180000,0x0000000788e80000)
  from space 6144K, 92% used [0x0000000789d00000,0x000000078a291a10,0x000000078a300000)
  to   space 7680K, 0% used [0x0000000789400000,0x0000000789400000,0x0000000789b80000)
 ParOldGen       total 87552K, used 11312K [0x00000006e2400000, 0x00000006e7980000, 0x0000000776180000)
  object space 87552K, 12% used [0x00000006e2400000,0x00000006e2f0c340,0x00000006e7980000)
 Metaspace       used 31551K, capacity 33570K, committed 33712K, reserved 1079296K
  class space    used 4132K, capacity 4511K, committed 4528K, reserved 1048576K
}
Event: 4.960 GC heap before
{Heap before GC invocations=12 (full 1):
 PSYoungGen      total 314368K, used 313926K [0x0000000776180000, 0x000000078a300000, 0x00000007c0000000)
  eden space 308224K, 100% used [0x0000000776180000,0x0000000788e80000,0x0000000788e80000)
  from space 6144K, 92% used [0x0000000789d00000,0x000000078a291a10,0x000000078a300000)
  to   space 7680K, 0% used [0x0000000789400000,0x0000000789400000,0x0000000789b80000)
 ParOldGen       total 87552K, used 11312K [0x00000006e2400000, 0x00000006e7980000, 0x0000000776180000)
  object space 87552K, 12% used [0x00000006e2400000,0x00000006e2f0c340,0x00000006e7980000)
 Metaspace       used 32855K, capacity 34956K, committed 35248K, reserved 1079296K
  class space    used 4281K, capacity 4666K, committed 4784K, reserved 1048576K
Event: 4.966 GC heap after
Heap after GC invocations=12 (full 1):
 PSYoungGen      total 321536K, used 6740K [0x0000000776180000, 0x0000000790700000, 0x00000007c0000000)
  eden space 313856K, 0% used [0x0000000776180000,0x0000000776180000,0x0000000789400000)
  from space 7680K, 87% used [0x0000000789400000,0x0000000789a95270,0x0000000789b80000)
  to   space 8192K, 0% used [0x000000078ff00000,0x000000078ff00000,0x0000000790700000)
 ParOldGen       total 87552K, used 13920K [0x00000006e2400000, 0x00000006e7980000, 0x0000000776180000)
  object space 87552K, 15% used [0x00000006e2400000,0x00000006e3198328,0x00000006e7980000)
 Metaspace       used 32855K, capacity 34956K, committed 35248K, reserved 1079296K
  class space    used 4281K, capacity 4666K, committed 4784K, reserved 1048576K
}
Event: 5.006 GC heap before
{Heap before GC invocations=13 (full 1):
 PSYoungGen      total 321536K, used 53548K [0x0000000776180000, 0x0000000790700000, 0x00000007c0000000)
  eden space 313856K, 14% used [0x0000000776180000,0x0000000778f36070,0x0000000789400000)
  from space 7680K, 87% used [0x0000000789400000,0x0000000789a95270,0x0000000789b80000)
  to   space 8192K, 0% used [0x000000078ff00000,0x000000078ff00000,0x0000000790700000)
 ParOldGen       total 87552K, used 13920K [0x00000006e2400000, 0x00000006e7980000, 0x0000000776180000)
  object space 87552K, 15% used [0x00000006e2400000,0x00000006e3198328,0x00000006e7980000)
 Metaspace       used 33259K, capacity 35372K, committed 35496K, reserved 1079296K
  class space    used 4316K, capacity 4698K, committed 4784K, reserved 1048576K
Event: 5.008 GC heap after
Heap after GC invocations=13 (full 1):
 PSYoungGen      total 422912K, used 1113K [0x0000000776180000, 0x0000000792480000, 0x00000007c0000000)
  eden space 414720K, 0% used [0x0000000776180000,0x0000000776180000,0x000000078f680000)
  from space 8192K, 13% used [0x000000078ff00000,0x00000007900165d0,0x0000000790700000)
  to   space 8704K, 0% used [0x000000078f680000,0x000000078f680000,0x000000078ff00000)
 ParOldGen       total 87552K, used 16406K [0x00000006e2400000, 0x00000006e7980000, 0x0000000776180000)
  object space 87552K, 18% used [0x00000006e2400000,0x00000006e3405830,0x00000006e7980000)
 Metaspace       used 33259K, capacity 35372K, committed 35496K, reserved 1079296K
  class space    used 4316K, capacity 4698K, committed 4784K, reserved 1048576K
}
Event: 5.008 GC heap before
{Heap before GC invocations=14 (full 2):
 PSYoungGen      total 422912K, used 1113K [0x0000000776180000, 0x0000000792480000, 0x00000007c0000000)
  eden space 414720K, 0% used [0x0000000776180000,0x0000000776180000,0x000000078f680000)
  from space 8192K, 13% used [0x000000078ff00000,0x00000007900165d0,0x0000000790700000)
  to   space 8704K, 0% used [0x000000078f680000,0x000000078f680000,0x000000078ff00000)
 ParOldGen       total 87552K, used 16406K [0x00000006e2400000, 0x00000006e7980000, 0x0000000776180000)
  object space 87552K, 18% used [0x00000006e2400000,0x00000006e3405830,0x00000006e7980000)
 Metaspace       used 33259K, capacity 35372K, committed 35496K, reserved 1079296K
  class space    used 4316K, capacity 4698K, committed 4784K, reserved 1048576K
Event: 5.052 GC heap after
Heap after GC invocations=14 (full 2):
 PSYoungGen      total 422912K, used 0K [0x0000000776180000, 0x0000000792480000, 0x00000007c0000000)
  eden space 414720K, 0% used [0x0000000776180000,0x0000000776180000,0x000000078f680000)
  from space 8192K, 0% used [0x000000078ff00000,0x000000078ff00000,0x0000000790700000)
  to   space 8704K, 0% used [0x000000078f680000,0x000000078f680000,0x000000078ff00000)
 ParOldGen       total 126464K, used 13072K [0x00000006e2400000, 0x00000006e9f80000, 0x0000000776180000)
  object space 126464K, 10% used [0x00000006e2400000,0x00000006e30c40d0,0x00000006e9f80000)
 Metaspace       used 33259K, capacity 35372K, committed 35496K, reserved 1079296K
  class space    used 4316K, capacity 4698K, committed 4784K, reserved 1048576K
}

Deoptimization events (10 events):
Event: 3.738 Thread 0x000001f07289b800 Uncommon trap: reason=unloaded action=reinterpret pc=0x000001f0585c244c method=java.util.regex.Pattern.group0()Ljava/util/regex/Pattern$Node; @ 154
Event: 3.747 Thread 0x000001f07289b800 Uncommon trap: reason=unstable_if action=reinterpret pc=0x000001f05815bc9c method=jdk.internal.org.objectweb.asm.Type.getArgumentsAndReturnSizes(Ljava/lang/String;)I @ 47
Event: 4.614 Thread 0x000001f05605f000 Uncommon trap: reason=unstable_if action=reinterpret pc=0x000001f0583503c8 method=java.net.URL.<init>(Ljava/net/URL;Ljava/lang/String;Ljava/net/URLStreamHandler;)V @ 347
Event: 4.690 Thread 0x000001f05605f000 Uncommon trap: reason=unstable_if action=reinterpret pc=0x000001f0588ceb58 method=org.springframework.asm.ClassReader.readUtf(II[C)Ljava/lang/String; @ 41
Event: 4.756 Thread 0x000001f05605f000 Uncommon trap: reason=unstable_if action=reinterpret pc=0x000001f05854202c method=java.util.Hashtable$Enumerator.nextElement()Ljava/lang/Object; @ 71
Event: 4.780 Thread 0x000001f05605f000 Uncommon trap: reason=bimorphic action=maybe_recompile pc=0x000001f05850a26c method=java.util.HashMap.putVal(ILjava/lang/Object;Ljava/lang/Object;ZZ)Ljava/lang/Object; @ 203
Event: 4.872 Thread 0x000001f05605f000 Uncommon trap: reason=unstable_if action=reinterpret pc=0x000001f0588f0884 method=org.springframework.asm.ClassReader.readUtf(II[C)Ljava/lang/String; @ 69
Event: 4.875 Thread 0x000001f05605f000 Uncommon trap: reason=range_check action=make_not_entrant pc=0x000001f0589df600 method=java.util.zip.ZipUtils.get16([BI)I @ 10
Event: 4.948 Thread 0x000001f05605f000 Uncommon trap: reason=unstable_if action=reinterpret pc=0x000001f0588cc334 method=java.io.BufferedReader.readLine(Z)Ljava/lang/String; @ 192
Event: 5.074 Thread 0x000001f05605f000 Uncommon trap: reason=unstable_if action=reinterpret pc=0x000001f05849d044 method=java.util.WeakHashMap.expungeStaleEntries()V @ 66

Classes redefined (0 events):
No events

Internal exceptions (10 events):
Event: 4.652 Thread 0x000001f05605f000 Exception <a 'java/lang/ClassNotFoundException': org/springframework/core/OrderedCustomizer> (0x0000000778bcf1a0) thrown at [E:\jenkins\tmp\workspace\build\src\hotspot\src\share\vm\classfile\systemDictionary.cpp, line 217]
Event: 4.653 Thread 0x000001f05605f000 Exception <a 'java/lang/ClassNotFoundException': org/springframework/context/ResourceLoaderAwareCustomizer> (0x00000007791fb7a8) thrown at [E:\jenkins\tmp\workspace\build\src\hotspot\src\share\vm\classfile\systemDictionary.cpp, line 217]
Event: 4.654 Thread 0x000001f05605f000 Exception <a 'java/lang/ClassNotFoundException': org/springframework/beans/factory/AwareCustomizer> (0x000000077923b3c0) thrown at [E:\jenkins\tmp\workspace\build\src\hotspot\src\share\vm\classfile\systemDictionary.cpp, line 217]
Event: 4.654 Thread 0x000001f05605f000 Exception <a 'java/lang/ClassNotFoundException': org/springframework/context/ApplicationStartupAwareCustomizer> (0x00000007792849a8) thrown at [E:\jenkins\tmp\workspace\build\src\hotspot\src\share\vm\classfile\systemDictionary.cpp, line 217]
Event: 4.655 Thread 0x000001f05605f000 Exception <a 'java/lang/ClassNotFoundException': org/springframework/beans/factory/AwareCustomizer> (0x00000007792c4b00) thrown at [E:\jenkins\tmp\workspace\build\src\hotspot\src\share\vm\classfile\systemDictionary.cpp, line 217]
Event: 4.655 Thread 0x000001f05605f000 Exception <a 'java/lang/ClassNotFoundException': org/springframework/beans/factory/BeanClassLoaderAwareCustomizer> (0x00000007793108d8) thrown at [E:\jenkins\tmp\workspace\build\src\hotspot\src\share\vm\classfile\systemDictionary.cpp, line 217]
Event: 4.656 Thread 0x000001f05605f000 Exception <a 'java/lang/ClassNotFoundException': org/springframework/beans/factory/AwareCustomizer> (0x00000007793505c0) thrown at [E:\jenkins\tmp\workspace\build\src\hotspot\src\share\vm\classfile\systemDictionary.cpp, line 217]
Event: 4.656 Thread 0x000001f05605f000 Exception <a 'java/lang/ClassNotFoundException': org/springframework/context/EnvironmentAwareCustomizer> (0x00000007793931b8) thrown at [E:\jenkins\tmp\workspace\build\src\hotspot\src\share\vm\classfile\systemDictionary.cpp, line 217]
Event: 4.657 Thread 0x000001f05605f000 Exception <a 'java/lang/ClassNotFoundException': org/springframework/beans/factory/AwareCustomizer> (0x00000007793d2d80) thrown at [E:\jenkins\tmp\workspace\build\src\hotspot\src\share\vm\classfile\systemDictionary.cpp, line 217]
Event: 5.066 Thread 0x000001f05605f000 Exception <a 'java/lang/IncompatibleClassChangeError': Found class java.lang.Object, but interface was expected> (0x0000000776ffa370) thrown at [E:\jenkins\tmp\workspace\build\src\hotspot\src\share\vm\interpreter\linkResolver.cpp, line 653]

Events (10 events):
Event: 5.460 loading class org/springframework/plugin/core/SimplePluginRegistry
Event: 5.460 loading class org/springframework/plugin/core/SimplePluginRegistry done
Event: 5.460 loading class org/springframework/plugin/core/PluginRegistrySupport
Event: 5.460 loading class org/springframework/plugin/core/PluginRegistrySupport done
Event: 5.461 loading class org/springframework/plugin/core/PluginRegistry
Event: 5.461 loading class org/springframework/plugin/core/PluginRegistry done
Event: 5.461 loading class springfox/documentation/spi/schema/contexts/ModelContext
Event: 5.461 loading class springfox/documentation/spi/schema/contexts/ModelContext done
Event: 5.463 loading class springfox/documentation/spi/service/contexts/DocumentationContext
Event: 5.463 loading class springfox/documentation/spi/service/contexts/DocumentationContext done


Dynamic libraries:
0x00007ff6ab820000 - 0x00007ff6ab85a000 	C:\Program Files\Eclipse Adoptium\jdk-8.0.322.6-hotspot\bin\java.exe
0x00007ffea8a60000 - 0x00007ffea8c69000 	C:\Windows\SYSTEM32\ntdll.dll
0x00007ffea68e0000 - 0x00007ffea699d000 	C:\Windows\System32\KERNEL32.DLL
0x00007ffea6320000 - 0x00007ffea669b000 	C:\Windows\System32\KERNELBASE.dll
0x00007ffea8960000 - 0x00007ffea8a0e000 	C:\Windows\System32\ADVAPI32.dll
0x00007ffea7ee0000 - 0x00007ffea7f83000 	C:\Windows\System32\msvcrt.dll
0x00007ffea7500000 - 0x00007ffea759e000 	C:\Windows\System32\sechost.dll
0x00007ffea7b90000 - 0x00007ffea7cb0000 	C:\Windows\System32\RPCRT4.dll
0x00007ffea6d20000 - 0x00007ffea6ecd000 	C:\Windows\System32\USER32.dll
0x00007ffea67c0000 - 0x00007ffea67e6000 	C:\Windows\System32\win32u.dll
0x00007ffea7cd0000 - 0x00007ffea7cf9000 	C:\Windows\System32\GDI32.dll
0x00007ffea6140000 - 0x00007ffea6258000 	C:\Windows\System32\gdi32full.dll
0x00007ffea5f30000 - 0x00007ffea5fcd000 	C:\Windows\System32\msvcp_win.dll
0x00007ffea66a0000 - 0x00007ffea67b1000 	C:\Windows\System32\ucrtbase.dll
0x00007ffe88b80000 - 0x00007ffe88e25000 	C:\Windows\WinSxS\amd64_microsoft.windows.common-controls_6595b64144ccf1df_6.0.22000.120_none_9d947278b86cc467\COMCTL32.dll
0x00007ffea7ea0000 - 0x00007ffea7ed1000 	C:\Windows\System32\IMM32.DLL
0x00007ffe67760000 - 0x00007ffe6784f000 	C:\Program Files\Eclipse Adoptium\jdk-8.0.322.6-hotspot\jre\bin\msvcr120.dll
0x00007ffe66ef0000 - 0x00007ffe66f96000 	C:\Program Files\Eclipse Adoptium\jdk-8.0.322.6-hotspot\jre\bin\msvcp120.dll
0x000000006f490000 - 0x000000006fd01000 	C:\Program Files\Eclipse Adoptium\jdk-8.0.322.6-hotspot\jre\bin\server\jvm.dll
0x00007ffea7690000 - 0x00007ffea7698000 	C:\Windows\System32\PSAPI.DLL
0x00007ffe87620000 - 0x00007ffe87629000 	C:\Windows\SYSTEM32\WSOCK32.dll
0x00007ffe9dd40000 - 0x00007ffe9dd73000 	C:\Windows\SYSTEM32\WINMM.dll
0x00007ffea76a0000 - 0x00007ffea770f000 	C:\Windows\System32\WS2_32.dll
0x00007ffe9df70000 - 0x00007ffe9df7a000 	C:\Windows\SYSTEM32\VERSION.dll
0x00007ffe92580000 - 0x00007ffe9258f000 	C:\Program Files\Eclipse Adoptium\jdk-8.0.322.6-hotspot\jre\bin\verify.dll
0x00007ffe8ecf0000 - 0x00007ffe8ed19000 	C:\Program Files\Eclipse Adoptium\jdk-8.0.322.6-hotspot\jre\bin\java.dll
0x00007ffe641e0000 - 0x00007ffe64215000 	C:\Program Files\Eclipse Adoptium\jdk-8.0.322.6-hotspot\jre\bin\jdwp.dll
0x00007ffe80380000 - 0x00007ffe80388000 	C:\Program Files\Eclipse Adoptium\jdk-8.0.322.6-hotspot\jre\bin\npt.dll
0x00007ffe73840000 - 0x00007ffe7386a000 	C:\Program Files\Eclipse Adoptium\jdk-8.0.322.6-hotspot\jre\bin\instrument.dll
0x00007ffe8d370000 - 0x00007ffe8d386000 	C:\Program Files\Eclipse Adoptium\jdk-8.0.322.6-hotspot\jre\bin\zip.dll
0x00007ffea7ff0000 - 0x00007ffea87a8000 	C:\Windows\System32\SHELL32.dll
0x00007ffea3fe0000 - 0x00007ffea4845000 	C:\Windows\SYSTEM32\windows.storage.dll
0x00007ffea7780000 - 0x00007ffea7af7000 	C:\Windows\System32\combase.dll
0x00007ffea3e70000 - 0x00007ffea3fd6000 	C:\Windows\SYSTEM32\wintypes.dll
0x00007ffea7410000 - 0x00007ffea74fa000 	C:\Windows\System32\SHCORE.dll
0x00007ffea7720000 - 0x00007ffea777d000 	C:\Windows\System32\shlwapi.dll
0x00007ffea5e60000 - 0x00007ffea5e81000 	C:\Windows\SYSTEM32\profapi.dll
0x00007ffe7fe10000 - 0x00007ffe7fe19000 	C:\Program Files\Eclipse Adoptium\jdk-8.0.322.6-hotspot\jre\bin\dt_socket.dll
0x00007ffea5450000 - 0x00007ffea54b7000 	C:\Windows\system32\mswsock.dll
0x00007ffe8d350000 - 0x00007ffe8d36a000 	C:\Program Files\Eclipse Adoptium\jdk-8.0.322.6-hotspot\jre\bin\net.dll
0x00007ffe8d0a0000 - 0x00007ffe8d0b2000 	C:\Program Files\Eclipse Adoptium\jdk-8.0.322.6-hotspot\jre\bin\nio.dll
0x00007ffea4bc0000 - 0x00007ffea4bed000 	C:\Windows\SYSTEM32\IPHLPAPI.DLL
0x00007ffea7710000 - 0x00007ffea7719000 	C:\Windows\System32\NSI.dll
0x00007ffe9dd20000 - 0x00007ffe9dd39000 	C:\Windows\SYSTEM32\dhcpcsvc6.DLL
0x00007ffe9ed60000 - 0x00007ffe9ed7e000 	C:\Windows\SYSTEM32\dhcpcsvc.DLL
0x00007ffea4bf0000 - 0x00007ffea4cd8000 	C:\Windows\SYSTEM32\DNSAPI.dll
0x0000000071090000 - 0x00000000710b6000 	C:\Program Files\Bonjour\mdnsNSP.dll
0x00007ffe9b2f0000 - 0x00007ffe9b2fa000 	C:\Windows\System32\rasadhlp.dll
0x00007ffe9b680000 - 0x00007ffe9b701000 	C:\Windows\System32\fwpuclnt.dll
0x00007ffe86670000 - 0x00007ffe8667d000 	C:\Program Files\Eclipse Adoptium\jdk-8.0.322.6-hotspot\jre\bin\management.dll
0x00007ffe86f90000 - 0x00007ffe86fa7000 	C:\Windows\system32\napinsp.dll
0x00007ffe86f30000 - 0x00007ffe86f4b000 	C:\Windows\system32\pnrpnsp.dll
0x00007ffe86f10000 - 0x00007ffe86f22000 	C:\Windows\System32\winrnr.dll
0x00007ffe99f10000 - 0x00007ffe99f25000 	C:\Windows\system32\wshbth.dll
0x00007ffe86ef0000 - 0x00007ffe86f0f000 	C:\Windows\system32\nlansp_c.dll

VM Arguments:
jvm_args: -agentlib:jdwp=transport=dt_socket,address=127.0.0.1:64930,suspend=y,server=n -ea -Didea.test.cyclic.buffer.size=1048576 -javaagent:D:\IDE\apps\IDEA-U\ch-0\222.4345.14\plugins\java\lib\rt\debugger-agent.jar=file:/C:/Users/Alickx/AppData/Local/Temp/capture.props -Dfile.encoding=UTF-8 
java_command: com.intellij.rt.junit.JUnitStarter -ideVersion5 -junit5 cn.goroute.smart.post.job.PersistentThumbCacheTest,persistentPostThumbCache
java_class_path (initial): C:\Users\Alickx\.m2\repository\org\junit\platform\junit-platform-launcher\1.8.2\junit-platform-launcher-1.8.2.jar;C:\Users\Alickx\.m2\repository\org\junit\platform\junit-platform-engine\1.8.2\junit-platform-engine-1.8.2.jar;C:\Users\Alickx\.m2\repository\org\opentest4j\opentest4j\1.2.0\opentest4j-1.2.0.jar;C:\Users\Alickx\.m2\repository\org\junit\platform\junit-platform-commons\1.8.2\junit-platform-commons-1.8.2.jar;C:\Users\Alickx\.m2\repository\org\apiguardian\apiguardian-api\1.1.2\apiguardian-api-1.1.2.jar;D:\IDE\apps\IDEA-U\ch-0\222.4345.14\lib\idea_rt.jar;D:\IDE\apps\IDEA-U\ch-0\222.4345.14\plugins\junit\lib\junit5-rt.jar;D:\IDE\apps\IDEA-U\ch-0\222.4345.14\plugins\junit\lib\junit-rt.jar;C:\Program Files\Eclipse Adoptium\jdk-8.0.322.6-hotspot\jre\lib\charsets.jar;C:\Program Files\Eclipse Adoptium\jdk-8.0.322.6-hotspot\jre\lib\ext\access-bridge-64.jar;C:\Program Files\Eclipse Adoptium\jdk-8.0.322.6-hotspot\jre\lib\ext\cldrdata.jar;C:\Program Files\Eclipse Adoptium\jdk-8.0.322.6-hotspot\jre\lib\ext\dnsns.jar;C:\Program Files\Eclipse Adoptium\jdk-8.0.322.6-hotspot\jre\lib\ext\jaccess.jar;C:\Program Files\Eclipse Adoptium\jdk-8.0.322.6-hotspot\jre\lib\ext\localedata.jar;C:\Program Files\Eclipse Adoptium\jdk-8.0.322.6-hotspot\jre\lib\ext\nashorn.jar;C:\Program Files\Eclipse Adoptium\jdk-8.0.322.6-hotspot\jre\lib\ext\sunec.jar;C:\Program Files\Eclipse Adoptium\jdk-8.0.322.6-hotspot\jre\lib\ext\sunjce_provider.jar;C:\Program Files\Eclipse Adoptium\jdk-8.0.322.6-hotspot\jre\lib\ext\sunmscapi.jar;C:\Program Files\Eclipse Adoptium\jdk-8.0.322.6-hotspot\jre\lib\ext\sunpkcs11.jar;C:\Program Files\Eclipse Adoptium\jdk-8.0.322.6-hotspot\jre\lib\ext\zipfs.jar;C:\Program Files\Eclipse Adoptium\jdk-8.0.322.6-hotspot\jre\lib\jce.jar;C:\Program Files\Eclipse Adoptium\jdk-8.0.322.6-hotspot\jre\lib\jfr.jar;C:\Program Files\Eclipse Adoptium\jdk-8.0.322.6-hotspot\jre\lib\jsse.jar;C:\Program Files\Eclipse Adoptium\jdk-8.0.322.6-hotspot\jre\lib\management-a
Launcher Type: SUN_STANDARD

Environment Variables:
JAVA_HOME=C:\Program Files\Eclipse Adoptium\jdk-8.0.322.6-hotspot
PATH=C:\Users\Alickx\AppData\Local\Programs\Python\Python39\Scripts;C:\Windows;C:\Windows\System32;C:\Windows\System32\WindowsPowerShell\v1.0\;C:\Windows\System32\OpenSSH\;C:\Program Files (x86)\NVIDIA Corporation\PhysX\Common;C:\Program Files\NVIDIA Corporation\NVIDIA NvDLISR;D:\Git\cmd;C:\Program Files\nodejs\;D:\software\protoc-3.20.0-win64\bin;C:\Program Files\Go\bin;D:\IDE\微信web开发者工具\dll;C:\Program Files\Docker\Docker\resources\bin;C:\ProgramData\DockerDesktop\version-bin;D:\日常软件\Bandizip\Bandizip;D:\日常软件\Bandizip;C:\Users\Alickx\AppData\Local\Programs\Python\Python39\;C:\Users\Alickx\AppData\Local\Microsoft\WindowsApps;D:\IDE\Microsoft VS Code\bin;C:\Users\Alickx\AppData\Roaming\npm;C:\Users\Alickx\go\bin;C:\Users\Alickx\AppData\Local\JetBrains\Toolbox\scripts;D:\LenovoSoftstore\Install\QQliuxidating\QQGameTempest\Hall.57808\
USERNAME=Alickx
OS=Windows_NT
PROCESSOR_IDENTIFIER=AMD64 Family 25 Model 80 Stepping 0, AuthenticAMD



---------------  S Y S T E M  ---------------

OS: Windows 10.0 , 64 bit Build 22000 (10.0.22000.708)

CPU:total 12 (initial active 12) (12 cores per cpu, 1 threads per core) family 25 model 80 stepping 0, cmov, cx8, fxsr, mmx, sse, sse2, sse3, ssse3, sse4.1, sse4.2, popcnt, avx, avx2, aes, clmul, erms, mmxext, 3dnowpref, lzcnt, sse4a, tsc, tscinvbit, tscinv, bmi1

Memory: 4k page, physical 14528572k(1338752k free), swap 40742968k(6120k free)

vm_info: OpenJDK 64-Bit Server VM (25.322-b06) for windows-amd64 JRE (1.8.0_322-b06), built on Jan 19 2022 07:06:38 by "jenkins" with MS VC++ 12.0 (VS2013)

time: Sun Nov 06 18:03:02 2022
timezone: ?D1ú±ê×?ê±??
elapsed time: 5.476614 seconds (0d 0h 0m 5s)

