#
# There is insufficient memory for the Java Runtime Environment to continue.
# Native memory allocation (malloc) failed to allocate 1213456 bytes for Chunk::new
# Possible reasons:
#   The system is out of physical RAM or swap space
#   The process is running with CompressedOops enabled, and the Java Heap may be blocking the growth of the native heap
# Possible solutions:
#   Reduce memory load on the system
#   Increase physical memory or swap space
#   Check if swap backing store is full
#   Decrease Java heap size (-Xmx/-Xms)
#   Decrease number of Java threads
#   Decrease Java thread stack sizes (-Xss)
#   Set larger code cache with -XX:ReservedCodeCacheSize=
#   JVM is running with Zero Based Compressed Oops mode in which the Java heap is
#     placed in the first 32GB address space. The Java Heap base address is the
#     maximum limit for the native heap growth. Please use -XX:HeapBaseMinAddress
#     to set the Java Heap base and to place the Java Heap above 32GB virtual address.
# This output file may be truncated or incomplete.
#
#  Out of Memory Error (allocation.cpp:389), pid=34196, tid=0x00000000000093d0
#
# JRE version: OpenJDK Runtime Environment (8.0_322-b06) (build 1.8.0_322-b06)
# Java VM: OpenJDK 64-Bit Server VM (25.322-b06 mixed mode windows-amd64 compressed oops)
# Failed to write core dump. Minidumps are not enabled by default on client versions of Windows
#

---------------  T H R E A D  ---------------

Current thread (0x000002c8c5df7800):  JavaThread "C2 CompilerThread0" daemon [_thread_in_native, id=37840, stack(0x000000df06f00000,0x000000df07000000)]

Stack: [0x000000df06f00000,0x000000df07000000]
[error occurred during error reporting (printing stack bounds), id 0xc0000005]

Native frames: (J=compiled Java code, j=interpreted, Vv=VM code, C=native code)


Current CompileTask:
C2:   5359 3902       4       java.net.URLClassLoader$1::run (5 bytes)


---------------  P R O C E S S  ---------------

Java Threads: ( => current thread )
  0x000002c8cc12b800 JavaThread "logback-11" daemon [_thread_blocked, id=32796, stack(0x000000df07800000,0x000000df07900000)]
  0x000002c8c8474800 JavaThread "logback-10" daemon [_thread_blocked, id=32116, stack(0x000000df07700000,0x000000df07800000)]
  0x000002c8c82b0800 JavaThread "logback-9" daemon [_thread_blocked, id=30368, stack(0x000000df07600000,0x000000df07700000)]
  0x000002c8c813b800 JavaThread "logback-8" daemon [_thread_blocked, id=36888, stack(0x000000df07500000,0x000000df07600000)]
  0x000002c8c5e9c800 JavaThread "Service Thread" daemon [_thread_blocked, id=25536, stack(0x000000df07300000,0x000000df07400000)]
  0x000002c8c5e10000 JavaThread "C1 CompilerThread3" daemon [_thread_blocked, id=36624, stack(0x000000df07200000,0x000000df07300000)]
  0x000002c8c5e0f800 JavaThread "C2 CompilerThread2" daemon [_thread_in_native, id=22072, stack(0x000000df07100000,0x000000df07200000)]
  0x000002c8c5e0a800 JavaThread "C2 CompilerThread1" daemon [_thread_in_native, id=37080, stack(0x000000df07000000,0x000000df07100000)]
=>0x000002c8c5df7800 JavaThread "C2 CompilerThread0" daemon [_thread_in_native, id=37840, stack(0x000000df06f00000,0x000000df07000000)]
  0x000002c8c5dde000 JavaThread "JDWP Command Reader" daemon [_thread_in_native, id=33864, stack(0x000000df06e00000,0x000000df06f00000)]
  0x000002c8c5ddd000 JavaThread "JDWP Event Helper Thread" daemon [_thread_blocked, id=35556, stack(0x000000df06d00000,0x000000df06e00000)]
  0x000002c8c5dd8000 JavaThread "JDWP Transport Listener: dt_socket" daemon [_thread_blocked, id=34952, stack(0x000000df06c00000,0x000000df06d00000)]
  0x000002c8c5db5000 JavaThread "Attach Listener" daemon [_thread_blocked, id=17680, stack(0x000000df06b00000,0x000000df06c00000)]
  0x000002c8c5da2000 JavaThread "Signal Dispatcher" daemon [_thread_blocked, id=10056, stack(0x000000df06a00000,0x000000df06b00000)]
  0x000002c8c3b1a800 JavaThread "Finalizer" daemon [_thread_blocked, id=37036, stack(0x000000df06900000,0x000000df06a00000)]
  0x000002c8c3b12000 JavaThread "Reference Handler" daemon [_thread_blocked, id=37108, stack(0x000000df06800000,0x000000df06900000)]
  0x000002c8a9bcf000 JavaThread "main" [_thread_in_native, id=34964, stack(0x000000df05c00000,0x000000df05d00000)]

Other Threads:
  0x000002c8c3aea800 VMThread [stack: 0x000000df06700000,0x000000df06800000] [id=36156]
  0x000002c8c5eaa800 WatcherThread [stack: 0x000000df07400000,0x000000df07500000] [id=32864]

VM state:not at safepoint (normal execution)

VM Mutex/Monitor currently owned by a thread: None

heap address: 0x00000006e2400000, size: 3548 MB, Compressed Oops mode: Zero based, Oop shift amount: 3
Narrow klass base: 0x0000000000000000, Narrow klass shift: 3
Compressed class space size: 1073741824 Address: 0x00000007c0000000

Heap:
 PSYoungGen      total 466432K, used 317045K [0x0000000776180000, 0x0000000797780000, 0x00000007c0000000)
  eden space 457216K, 69% used [0x0000000776180000,0x000000078971d768,0x0000000792000000)
  from space 9216K, 0% used [0x0000000796e80000,0x0000000796e80000,0x0000000797780000)
  to   space 6656K, 0% used [0x0000000792000000,0x0000000792000000,0x0000000792680000)
 ParOldGen       total 85504K, used 16358K [0x00000006e2400000, 0x00000006e7780000, 0x0000000776180000)
  object space 85504K, 19% used [0x00000006e2400000,0x00000006e33f9938,0x00000006e7780000)
 Metaspace       used 37862K, capacity 40234K, committed 40488K, reserved 1085440K
  class space    used 4861K, capacity 5297K, committed 5424K, reserved 1048576K

Card table byte_map: [0x000002c8bacf0000,0x000002c8bb3e0000] byte_map_base: 0x000002c8b75de000

Marking Bits: (ParMarkBitMap*) 0x000000006fc82850
 Begin Bits: [0x000002c8bb880000, 0x000002c8beff0000)
 End Bits:   [0x000002c8beff0000, 0x000002c8c2760000)

Polling page: 0x000002c8a9d20000

CodeCache: size=245760Kb used=15030Kb max_used=15030Kb free=230729Kb
 bounds [0x000002c8ab930000, 0x000002c8ac7f0000, 0x000002c8ba930000]
 total_blobs=4326 nmethods=3917 adapters=328
 compilation: enabled

Compilation events (10 events):
Event: 5.342 Thread 0x000002c8c5e10000 3933   !   3       org.springframework.beans.factory.support.AbstractAutowireCapableBeanFactory::getTypeForFactoryMethod (544 bytes)
Event: 5.347 Thread 0x000002c8c5e10000 nmethod 3933 0x000002c8ac7c5c50 code [0x000002c8ac7c63c0, 0x000002c8ac7cbfd0]
Event: 5.347 Thread 0x000002c8c5e10000 3934       3       org.springframework.boot.autoconfigure.condition.ConditionMessage::empty (8 bytes)
Event: 5.348 Thread 0x000002c8c5e10000 nmethod 3934 0x000002c8ac7917d0 code [0x000002c8ac791940, 0x000002c8ac791bd8]
Event: 5.348 Thread 0x000002c8c5e10000 3935       3       org.springframework.beans.factory.support.DefaultListableBeanFactory$$Lambda$503/2031927175::test (12 bytes)
Event: 5.348 Thread 0x000002c8c5e10000 nmethod 3935 0x000002c8ac7d1250 code [0x000002c8ac7d13c0, 0x000002c8ac7d1770]
Event: 5.348 Thread 0x000002c8c5e10000 3936       3       org.springframework.beans.factory.support.DefaultListableBeanFactory::lambda$removeManualSingletonName$7 (8 bytes)
Event: 5.348 Thread 0x000002c8c5e10000 nmethod 3936 0x000002c8ac7d1890 code [0x000002c8ac7d1a00, 0x000002c8ac7d1c10]
Event: 5.350 Thread 0x000002c8c5e10000 3937       3       java.security.BasicPermission::getCanonicalName (17 bytes)
Event: 5.350 Thread 0x000002c8c5e10000 nmethod 3937 0x000002c8ac7d1cd0 code [0x000002c8ac7d1e40, 0x000002c8ac7d2098]

GC Heap History (10 events):
Event: 2.721 GC heap before
{Heap before GC invocations=8 (full 1):
 PSYoungGen      total 235520K, used 4106K [0x0000000776180000, 0x0000000792d80000, 0x00000007c0000000)
  eden space 228864K, 0% used [0x0000000776180000,0x0000000776180000,0x0000000784100000)
  from space 6656K, 61% used [0x0000000784100000,0x0000000784502b38,0x0000000784780000)
  to   space 6656K, 0% used [0x0000000792700000,0x0000000792700000,0x0000000792d80000)
 ParOldGen       total 151552K, used 3689K [0x00000006e2400000, 0x00000006eb800000, 0x0000000776180000)
  object space 151552K, 2% used [0x00000006e2400000,0x00000006e279a5c8,0x00000006eb800000)
 Metaspace       used 19810K, capacity 21262K, committed 21296K, reserved 1067008K
  class space    used 2579K, capacity 2853K, committed 2864K, reserved 1048576K
Event: 2.748 GC heap after
Heap after GC invocations=8 (full 1):
 PSYoungGen      total 235520K, used 0K [0x0000000776180000, 0x0000000792d80000, 0x00000007c0000000)
  eden space 228864K, 0% used [0x0000000776180000,0x0000000776180000,0x0000000784100000)
  from space 6656K, 0% used [0x0000000784100000,0x0000000784100000,0x0000000784780000)
  to   space 6656K, 0% used [0x0000000792700000,0x0000000792700000,0x0000000792d80000)
 ParOldGen       total 85504K, used 7421K [0x00000006e2400000, 0x00000006e7780000, 0x0000000776180000)
  object space 85504K, 8% used [0x00000006e2400000,0x00000006e2b3f688,0x00000006e7780000)
 Metaspace       used 19810K, capacity 21262K, committed 21296K, reserved 1067008K
  class space    used 2579K, capacity 2853K, committed 2864K, reserved 1048576K
}
Event: 3.031 GC heap before
{Heap before GC invocations=9 (full 1):
 PSYoungGen      total 235520K, used 228864K [0x0000000776180000, 0x0000000792d80000, 0x00000007c0000000)
  eden space 228864K, 100% used [0x0000000776180000,0x0000000784100000,0x0000000784100000)
  from space 6656K, 0% used [0x0000000784100000,0x0000000784100000,0x0000000784780000)
  to   space 6656K, 0% used [0x0000000792700000,0x0000000792700000,0x0000000792d80000)
 ParOldGen       total 85504K, used 7421K [0x00000006e2400000, 0x00000006e7780000, 0x0000000776180000)
  object space 85504K, 8% used [0x00000006e2400000,0x00000006e2b3f688,0x00000006e7780000)
 Metaspace       used 24567K, capacity 26294K, committed 26416K, reserved 1073152K
  class space    used 3197K, capacity 3533K, committed 3632K, reserved 1048576K
Event: 3.035 GC heap after
Heap after GC invocations=9 (full 1):
 PSYoungGen      total 387072K, used 6043K [0x0000000776180000, 0x0000000792d00000, 0x00000007c0000000)
  eden space 380928K, 0% used [0x0000000776180000,0x0000000776180000,0x000000078d580000)
  from space 6144K, 98% used [0x0000000792700000,0x0000000792ce6e90,0x0000000792d00000)
  to   space 6656K, 0% used [0x0000000792000000,0x0000000792000000,0x0000000792680000)
 ParOldGen       total 85504K, used 7429K [0x00000006e2400000, 0x00000006e7780000, 0x0000000776180000)
  object space 85504K, 8% used [0x00000006e2400000,0x00000006e2b41688,0x00000006e7780000)
 Metaspace       used 24567K, capacity 26294K, committed 26416K, reserved 1073152K
  class space    used 3197K, capacity 3533K, committed 3632K, reserved 1048576K
}
Event: 3.539 GC heap before
{Heap before GC invocations=10 (full 1):
 PSYoungGen      total 387072K, used 386971K [0x0000000776180000, 0x0000000792d00000, 0x00000007c0000000)
  eden space 380928K, 100% used [0x0000000776180000,0x000000078d580000,0x000000078d580000)
  from space 6144K, 98% used [0x0000000792700000,0x0000000792ce6e90,0x0000000792d00000)
  to   space 6656K, 0% used [0x0000000792000000,0x0000000792000000,0x0000000792680000)
 ParOldGen       total 85504K, used 7429K [0x00000006e2400000, 0x00000006e7780000, 0x0000000776180000)
  object space 85504K, 8% used [0x00000006e2400000,0x00000006e2b41688,0x00000006e7780000)
 Metaspace       used 31513K, capacity 33564K, committed 33712K, reserved 1079296K
  class space    used 4136K, capacity 4510K, committed 4528K, reserved 1048576K
Event: 3.545 GC heap after
Heap after GC invocations=10 (full 1):
 PSYoungGen      total 463872K, used 6651K [0x0000000776180000, 0x0000000797780000, 0x00000007c0000000)
  eden space 457216K, 0% used [0x0000000776180000,0x0000000776180000,0x0000000792000000)
  from space 6656K, 99% used [0x0000000792000000,0x000000079267ed00,0x0000000792680000)
  to   space 9216K, 0% used [0x0000000796e80000,0x0000000796e80000,0x0000000797780000)
 ParOldGen       total 85504K, used 12001K [0x00000006e2400000, 0x00000006e7780000, 0x0000000776180000)
  object space 85504K, 14% used [0x00000006e2400000,0x00000006e2fb8408,0x00000006e7780000)
 Metaspace       used 31513K, capacity 33564K, committed 33712K, reserved 1079296K
  class space    used 4136K, capacity 4510K, committed 4528K, reserved 1048576K
}
Event: 4.668 GC heap before
{Heap before GC invocations=11 (full 1):
 PSYoungGen      total 463872K, used 459742K [0x0000000776180000, 0x0000000797780000, 0x00000007c0000000)
  eden space 457216K, 99% used [0x0000000776180000,0x0000000791bf8ca8,0x0000000792000000)
  from space 6656K, 99% used [0x0000000792000000,0x000000079267ed00,0x0000000792680000)
  to   space 9216K, 0% used [0x0000000796e80000,0x0000000796e80000,0x0000000797780000)
 ParOldGen       total 85504K, used 12001K [0x00000006e2400000, 0x00000006e7780000, 0x0000000776180000)
  object space 85504K, 14% used [0x00000006e2400000,0x00000006e2fb8408,0x00000006e7780000)
 Metaspace       used 33261K, capacity 35376K, committed 35496K, reserved 1079296K
  class space    used 4317K, capacity 4698K, committed 4784K, reserved 1048576K
Event: 4.675 GC heap after
Heap after GC invocations=11 (full 1):
 PSYoungGen      total 466432K, used 9202K [0x0000000776180000, 0x0000000797780000, 0x00000007c0000000)
  eden space 457216K, 0% used [0x0000000776180000,0x0000000776180000,0x0000000792000000)
  from space 9216K, 99% used [0x0000000796e80000,0x000000079777ca68,0x0000000797780000)
  to   space 6656K, 0% used [0x0000000792000000,0x0000000792000000,0x0000000792680000)
 ParOldGen       total 85504K, used 14273K [0x00000006e2400000, 0x00000006e7780000, 0x0000000776180000)
  object space 85504K, 16% used [0x00000006e2400000,0x00000006e31f0570,0x00000006e7780000)
 Metaspace       used 33261K, capacity 35376K, committed 35496K, reserved 1079296K
  class space    used 4317K, capacity 4698K, committed 4784K, reserved 1048576K
}
Event: 4.675 GC heap before
{Heap before GC invocations=12 (full 2):
 PSYoungGen      total 466432K, used 9202K [0x0000000776180000, 0x0000000797780000, 0x00000007c0000000)
  eden space 457216K, 0% used [0x0000000776180000,0x0000000776180000,0x0000000792000000)
  from space 9216K, 99% used [0x0000000796e80000,0x000000079777ca68,0x0000000797780000)
  to   space 6656K, 0% used [0x0000000792000000,0x0000000792000000,0x0000000792680000)
 ParOldGen       total 85504K, used 14273K [0x00000006e2400000, 0x00000006e7780000, 0x0000000776180000)
  object space 85504K, 16% used [0x00000006e2400000,0x00000006e31f0570,0x00000006e7780000)
 Metaspace       used 33261K, capacity 35376K, committed 35496K, reserved 1079296K
  class space    used 4317K, capacity 4698K, committed 4784K, reserved 1048576K
Event: 4.702 GC heap after
Heap after GC invocations=12 (full 2):
 PSYoungGen      total 466432K, used 0K [0x0000000776180000, 0x0000000797780000, 0x00000007c0000000)
  eden space 457216K, 0% used [0x0000000776180000,0x0000000776180000,0x0000000792000000)
  from space 9216K, 0% used [0x0000000796e80000,0x0000000796e80000,0x0000000797780000)
  to   space 6656K, 0% used [0x0000000792000000,0x0000000792000000,0x0000000792680000)
 ParOldGen       total 85504K, used 16358K [0x00000006e2400000, 0x00000006e7780000, 0x0000000776180000)
  object space 85504K, 19% used [0x00000006e2400000,0x00000006e33f9938,0x00000006e7780000)
 Metaspace       used 33261K, capacity 35376K, committed 35496K, reserved 1079296K
  class space    used 4317K, capacity 4698K, committed 4784K, reserved 1048576K
}

Deoptimization events (10 events):
Event: 3.323 Thread 0x000002c8a9bcf000 Uncommon trap: reason=unstable_if action=reinterpret pc=0x000002c8abfb40b4 method=org.springframework.util.ConcurrentReferenceHashMap$Segment.clear()V @ 7
Event: 3.387 Thread 0x000002c8c81bc000 Uncommon trap: reason=unloaded action=reinterpret pc=0x000002c8ac0eb98c method=java.util.regex.Pattern.group0()Ljava/util/regex/Pattern$Node; @ 154
Event: 3.396 Thread 0x000002c8c81bc000 Uncommon trap: reason=unstable_if action=reinterpret pc=0x000002c8abc80c18 method=jdk.internal.org.objectweb.asm.Type.getArgumentsAndReturnSizes(Ljava/lang/String;)I @ 47
Event: 4.273 Thread 0x000002c8a9bcf000 Uncommon trap: reason=unstable_if action=reinterpret pc=0x000002c8abe94e48 method=java.net.URL.<init>(Ljava/net/URL;Ljava/lang/String;Ljava/net/URLStreamHandler;)V @ 347
Event: 4.354 Thread 0x000002c8a9bcf000 Uncommon trap: reason=unstable_if action=reinterpret pc=0x000002c8ac3eca98 method=org.springframework.asm.ClassReader.readUtf(II[C)Ljava/lang/String; @ 41
Event: 4.420 Thread 0x000002c8a9bcf000 Uncommon trap: reason=unstable_if action=reinterpret pc=0x000002c8ac0752ec method=java.util.Hashtable$Enumerator.nextElement()Ljava/lang/Object; @ 71
Event: 4.443 Thread 0x000002c8a9bcf000 Uncommon trap: reason=bimorphic action=maybe_recompile pc=0x000002c8ac03bdfc method=java.util.HashMap.putVal(ILjava/lang/Object;Ljava/lang/Object;ZZ)Ljava/lang/Object; @ 203
Event: 4.540 Thread 0x000002c8a9bcf000 Uncommon trap: reason=unstable_if action=reinterpret pc=0x000002c8ac42d260 method=org.springframework.asm.ClassReader.readUtf(II[C)Ljava/lang/String; @ 69
Event: 4.543 Thread 0x000002c8a9bcf000 Uncommon trap: reason=range_check action=make_not_entrant pc=0x000002c8ac42f340 method=java.util.zip.ZipUtils.get16([BI)I @ 10
Event: 4.612 Thread 0x000002c8a9bcf000 Uncommon trap: reason=unstable_if action=reinterpret pc=0x000002c8ac3f13f4 method=java.io.BufferedReader.readLine(Z)Ljava/lang/String; @ 192

Classes redefined (0 events):
No events

Internal exceptions (10 events):
Event: 4.313 Thread 0x000002c8a9bcf000 Exception <a 'java/lang/ClassNotFoundException': org/springframework/core/OrderedCustomizer> (0x000000077ea83190) thrown at [E:\jenkins\tmp\workspace\build\src\hotspot\src\share\vm\classfile\systemDictionary.cpp, line 217]
Event: 4.313 Thread 0x000002c8a9bcf000 Exception <a 'java/lang/ClassNotFoundException': org/springframework/context/ResourceLoaderAwareCustomizer> (0x000000077eac8ed0) thrown at [E:\jenkins\tmp\workspace\build\src\hotspot\src\share\vm\classfile\systemDictionary.cpp, line 217]
Event: 4.314 Thread 0x000002c8a9bcf000 Exception <a 'java/lang/ClassNotFoundException': org/springframework/beans/factory/AwareCustomizer> (0x000000077eb08ae8) thrown at [E:\jenkins\tmp\workspace\build\src\hotspot\src\share\vm\classfile\systemDictionary.cpp, line 217]
Event: 4.315 Thread 0x000002c8a9bcf000 Exception <a 'java/lang/ClassNotFoundException': org/springframework/context/ApplicationStartupAwareCustomizer> (0x000000077eb520d0) thrown at [E:\jenkins\tmp\workspace\build\src\hotspot\src\share\vm\classfile\systemDictionary.cpp, line 217]
Event: 4.315 Thread 0x000002c8a9bcf000 Exception <a 'java/lang/ClassNotFoundException': org/springframework/beans/factory/AwareCustomizer> (0x000000077eb92228) thrown at [E:\jenkins\tmp\workspace\build\src\hotspot\src\share\vm\classfile\systemDictionary.cpp, line 217]
Event: 4.316 Thread 0x000002c8a9bcf000 Exception <a 'java/lang/ClassNotFoundException': org/springframework/beans/factory/BeanClassLoaderAwareCustomizer> (0x000000077ebddfe0) thrown at [E:\jenkins\tmp\workspace\build\src\hotspot\src\share\vm\classfile\systemDictionary.cpp, line 217]
Event: 4.316 Thread 0x000002c8a9bcf000 Exception <a 'java/lang/ClassNotFoundException': org/springframework/beans/factory/AwareCustomizer> (0x000000077ec1dcc8) thrown at [E:\jenkins\tmp\workspace\build\src\hotspot\src\share\vm\classfile\systemDictionary.cpp, line 217]
Event: 4.317 Thread 0x000002c8a9bcf000 Exception <a 'java/lang/ClassNotFoundException': org/springframework/context/EnvironmentAwareCustomizer> (0x000000077ec60968) thrown at [E:\jenkins\tmp\workspace\build\src\hotspot\src\share\vm\classfile\systemDictionary.cpp, line 217]
Event: 4.317 Thread 0x000002c8a9bcf000 Exception <a 'java/lang/ClassNotFoundException': org/springframework/beans/factory/AwareCustomizer> (0x000000077eca0530) thrown at [E:\jenkins\tmp\workspace\build\src\hotspot\src\share\vm\classfile\systemDictionary.cpp, line 217]
Event: 4.719 Thread 0x000002c8a9bcf000 Exception <a 'java/lang/IncompatibleClassChangeError': Found class java.lang.Object, but interface was expected> (0x00000007770e3170) thrown at [E:\jenkins\tmp\workspace\build\src\hotspot\src\share\vm\interpreter\linkResolver.cpp, line 653]

Events (10 events):
Event: 5.352 loading class org/springdoc/core/customizers/DelegatingMethodParameterCustomizer
Event: 5.352 loading class org/springdoc/core/customizers/DelegatingMethodParameterCustomizer done
Event: 5.353 loading class org/springdoc/core/providers/ObjectMapperProvider
Event: 5.353 loading class org/springdoc/core/providers/ObjectMapperProvider done
Event: 5.353 loading class io/swagger/v3/core/util/ObjectMapperFactory
Event: 5.353 loading class io/swagger/v3/core/util/ObjectMapperFactory done
Event: 5.355 loading class org/springdoc/core/providers/SpringDataWebPropertiesProvider
Event: 5.355 loading class org/springdoc/core/providers/SpringDataWebPropertiesProvider done
Event: 5.356 loading class org/springdoc/core/SpringDocConfiguration$SpringDocSpringDataWebPropertiesProvider
Event: 5.356 loading class org/springdoc/core/SpringDocConfiguration$SpringDocSpringDataWebPropertiesProvider done


Dynamic libraries:
0x00007ff6ab820000 - 0x00007ff6ab85a000 	C:\Program Files\Eclipse Adoptium\jdk-8.0.322.6-hotspot\bin\java.exe
0x00007ffea8a60000 - 0x00007ffea8c69000 	C:\Windows\SYSTEM32\ntdll.dll
0x00007ffea68e0000 - 0x00007ffea699d000 	C:\Windows\System32\KERNEL32.DLL
0x00007ffea6320000 - 0x00007ffea669b000 	C:\Windows\System32\KERNELBASE.dll
0x00007ffea8960000 - 0x00007ffea8a0e000 	C:\Windows\System32\ADVAPI32.dll
0x00007ffea7ee0000 - 0x00007ffea7f83000 	C:\Windows\System32\msvcrt.dll
0x00007ffea7500000 - 0x00007ffea759e000 	C:\Windows\System32\sechost.dll
0x00007ffea7b90000 - 0x00007ffea7cb0000 	C:\Windows\System32\RPCRT4.dll
0x00007ffea6d20000 - 0x00007ffea6ecd000 	C:\Windows\System32\USER32.dll
0x00007ffea67c0000 - 0x00007ffea67e6000 	C:\Windows\System32\win32u.dll
0x00007ffea7cd0000 - 0x00007ffea7cf9000 	C:\Windows\System32\GDI32.dll
0x00007ffea6140000 - 0x00007ffea6258000 	C:\Windows\System32\gdi32full.dll
0x00007ffea5f30000 - 0x00007ffea5fcd000 	C:\Windows\System32\msvcp_win.dll
0x00007ffea66a0000 - 0x00007ffea67b1000 	C:\Windows\System32\ucrtbase.dll
0x00007ffe88b80000 - 0x00007ffe88e25000 	C:\Windows\WinSxS\amd64_microsoft.windows.common-controls_6595b64144ccf1df_6.0.22000.120_none_9d947278b86cc467\COMCTL32.dll
0x00007ffea7ea0000 - 0x00007ffea7ed1000 	C:\Windows\System32\IMM32.DLL
0x00007ffe67760000 - 0x00007ffe6784f000 	C:\Program Files\Eclipse Adoptium\jdk-8.0.322.6-hotspot\jre\bin\msvcr120.dll
0x00007ffe66ef0000 - 0x00007ffe66f96000 	C:\Program Files\Eclipse Adoptium\jdk-8.0.322.6-hotspot\jre\bin\msvcp120.dll
0x000000006f490000 - 0x000000006fd01000 	C:\Program Files\Eclipse Adoptium\jdk-8.0.322.6-hotspot\jre\bin\server\jvm.dll
0x00007ffea7690000 - 0x00007ffea7698000 	C:\Windows\System32\PSAPI.DLL
0x00007ffe9dd40000 - 0x00007ffe9dd73000 	C:\Windows\SYSTEM32\WINMM.dll
0x00007ffe87620000 - 0x00007ffe87629000 	C:\Windows\SYSTEM32\WSOCK32.dll
0x00007ffe9df70000 - 0x00007ffe9df7a000 	C:\Windows\SYSTEM32\VERSION.dll
0x00007ffea76a0000 - 0x00007ffea770f000 	C:\Windows\System32\WS2_32.dll
0x00007ffe92580000 - 0x00007ffe9258f000 	C:\Program Files\Eclipse Adoptium\jdk-8.0.322.6-hotspot\jre\bin\verify.dll
0x00007ffe8ecf0000 - 0x00007ffe8ed19000 	C:\Program Files\Eclipse Adoptium\jdk-8.0.322.6-hotspot\jre\bin\java.dll
0x00007ffe641e0000 - 0x00007ffe64215000 	C:\Program Files\Eclipse Adoptium\jdk-8.0.322.6-hotspot\jre\bin\jdwp.dll
0x00007ffe80380000 - 0x00007ffe80388000 	C:\Program Files\Eclipse Adoptium\jdk-8.0.322.6-hotspot\jre\bin\npt.dll
0x00007ffe73840000 - 0x00007ffe7386a000 	C:\Program Files\Eclipse Adoptium\jdk-8.0.322.6-hotspot\jre\bin\instrument.dll
0x00007ffe8d370000 - 0x00007ffe8d386000 	C:\Program Files\Eclipse Adoptium\jdk-8.0.322.6-hotspot\jre\bin\zip.dll
0x00007ffea7ff0000 - 0x00007ffea87a8000 	C:\Windows\System32\SHELL32.dll
0x00007ffea3fe0000 - 0x00007ffea4845000 	C:\Windows\SYSTEM32\windows.storage.dll
0x00007ffea7780000 - 0x00007ffea7af7000 	C:\Windows\System32\combase.dll
0x00007ffea3e70000 - 0x00007ffea3fd6000 	C:\Windows\SYSTEM32\wintypes.dll
0x00007ffea7410000 - 0x00007ffea74fa000 	C:\Windows\System32\SHCORE.dll
0x00007ffea7720000 - 0x00007ffea777d000 	C:\Windows\System32\shlwapi.dll
0x00007ffea5e60000 - 0x00007ffea5e81000 	C:\Windows\SYSTEM32\profapi.dll
0x00007ffe7fe10000 - 0x00007ffe7fe19000 	C:\Program Files\Eclipse Adoptium\jdk-8.0.322.6-hotspot\jre\bin\dt_socket.dll
0x00007ffea5450000 - 0x00007ffea54b7000 	C:\Windows\system32\mswsock.dll
0x00007ffe8d350000 - 0x00007ffe8d36a000 	C:\Program Files\Eclipse Adoptium\jdk-8.0.322.6-hotspot\jre\bin\net.dll
0x00007ffe8d0a0000 - 0x00007ffe8d0b2000 	C:\Program Files\Eclipse Adoptium\jdk-8.0.322.6-hotspot\jre\bin\nio.dll
0x00007ffea4bc0000 - 0x00007ffea4bed000 	C:\Windows\SYSTEM32\IPHLPAPI.DLL
0x00007ffea7710000 - 0x00007ffea7719000 	C:\Windows\System32\NSI.dll
0x00007ffe9dd20000 - 0x00007ffe9dd39000 	C:\Windows\SYSTEM32\dhcpcsvc6.DLL
0x00007ffe9ed60000 - 0x00007ffe9ed7e000 	C:\Windows\SYSTEM32\dhcpcsvc.DLL
0x00007ffea4bf0000 - 0x00007ffea4cd8000 	C:\Windows\SYSTEM32\DNSAPI.dll
0x0000000071090000 - 0x00000000710b6000 	C:\Program Files\Bonjour\mdnsNSP.dll
0x00007ffe9b2f0000 - 0x00007ffe9b2fa000 	C:\Windows\System32\rasadhlp.dll
0x00007ffe9b680000 - 0x00007ffe9b701000 	C:\Windows\System32\fwpuclnt.dll
0x00007ffe86670000 - 0x00007ffe8667d000 	C:\Program Files\Eclipse Adoptium\jdk-8.0.322.6-hotspot\jre\bin\management.dll
0x00007ffe86f90000 - 0x00007ffe86fa7000 	C:\Windows\system32\napinsp.dll
0x00007ffe86f30000 - 0x00007ffe86f4b000 	C:\Windows\system32\pnrpnsp.dll
0x00007ffe86f10000 - 0x00007ffe86f22000 	C:\Windows\System32\winrnr.dll
0x00007ffe99f10000 - 0x00007ffe99f25000 	C:\Windows\system32\wshbth.dll
0x00007ffe86ef0000 - 0x00007ffe86f0f000 	C:\Windows\system32\nlansp_c.dll

VM Arguments:
jvm_args: -agentlib:jdwp=transport=dt_socket,address=127.0.0.1:64920,suspend=y,server=n -ea -Didea.test.cyclic.buffer.size=1048576 -javaagent:D:\IDE\apps\IDEA-U\ch-0\222.4345.14\plugins\java\lib\rt\debugger-agent.jar=file:/C:/Users/Alickx/AppData/Local/Temp/capture.props -Dfile.encoding=UTF-8 
java_command: com.intellij.rt.junit.JUnitStarter -ideVersion5 -junit5 cn.goroute.smart.post.job.PersistentThumbCacheTest,persistentPostThumbCache
java_class_path (initial): C:\Users\Alickx\.m2\repository\org\junit\platform\junit-platform-launcher\1.8.2\junit-platform-launcher-1.8.2.jar;C:\Users\Alickx\.m2\repository\org\junit\platform\junit-platform-engine\1.8.2\junit-platform-engine-1.8.2.jar;C:\Users\Alickx\.m2\repository\org\opentest4j\opentest4j\1.2.0\opentest4j-1.2.0.jar;C:\Users\Alickx\.m2\repository\org\junit\platform\junit-platform-commons\1.8.2\junit-platform-commons-1.8.2.jar;C:\Users\Alickx\.m2\repository\org\apiguardian\apiguardian-api\1.1.2\apiguardian-api-1.1.2.jar;D:\IDE\apps\IDEA-U\ch-0\222.4345.14\lib\idea_rt.jar;D:\IDE\apps\IDEA-U\ch-0\222.4345.14\plugins\junit\lib\junit5-rt.jar;D:\IDE\apps\IDEA-U\ch-0\222.4345.14\plugins\junit\lib\junit-rt.jar;C:\Program Files\Eclipse Adoptium\jdk-8.0.322.6-hotspot\jre\lib\charsets.jar;C:\Program Files\Eclipse Adoptium\jdk-8.0.322.6-hotspot\jre\lib\ext\access-bridge-64.jar;C:\Program Files\Eclipse Adoptium\jdk-8.0.322.6-hotspot\jre\lib\ext\cldrdata.jar;C:\Program Files\Eclipse Adoptium\jdk-8.0.322.6-hotspot\jre\lib\ext\dnsns.jar;C:\Program Files\Eclipse Adoptium\jdk-8.0.322.6-hotspot\jre\lib\ext\jaccess.jar;C:\Program Files\Eclipse Adoptium\jdk-8.0.322.6-hotspot\jre\lib\ext\localedata.jar;C:\Program Files\Eclipse Adoptium\jdk-8.0.322.6-hotspot\jre\lib\ext\nashorn.jar;C:\Program Files\Eclipse Adoptium\jdk-8.0.322.6-hotspot\jre\lib\ext\sunec.jar;C:\Program Files\Eclipse Adoptium\jdk-8.0.322.6-hotspot\jre\lib\ext\sunjce_provider.jar;C:\Program Files\Eclipse Adoptium\jdk-8.0.322.6-hotspot\jre\lib\ext\sunmscapi.jar;C:\Program Files\Eclipse Adoptium\jdk-8.0.322.6-hotspot\jre\lib\ext\sunpkcs11.jar;C:\Program Files\Eclipse Adoptium\jdk-8.0.322.6-hotspot\jre\lib\ext\zipfs.jar;C:\Program Files\Eclipse Adoptium\jdk-8.0.322.6-hotspot\jre\lib\jce.jar;C:\Program Files\Eclipse Adoptium\jdk-8.0.322.6-hotspot\jre\lib\jfr.jar;C:\Program Files\Eclipse Adoptium\jdk-8.0.322.6-hotspot\jre\lib\jsse.jar;C:\Program Files\Eclipse Adoptium\jdk-8.0.322.6-hotspot\jre\lib\management-a
Launcher Type: SUN_STANDARD

Environment Variables:
JAVA_HOME=C:\Program Files\Eclipse Adoptium\jdk-8.0.322.6-hotspot
PATH=C:\Users\Alickx\AppData\Local\Programs\Python\Python39\Scripts;C:\Windows;C:\Windows\System32;C:\Windows\System32\WindowsPowerShell\v1.0\;C:\Windows\System32\OpenSSH\;C:\Program Files (x86)\NVIDIA Corporation\PhysX\Common;C:\Program Files\NVIDIA Corporation\NVIDIA NvDLISR;D:\Git\cmd;C:\Program Files\nodejs\;D:\software\protoc-3.20.0-win64\bin;C:\Program Files\Go\bin;D:\IDE\微信web开发者工具\dll;C:\Program Files\Docker\Docker\resources\bin;C:\ProgramData\DockerDesktop\version-bin;D:\日常软件\Bandizip\Bandizip;D:\日常软件\Bandizip;C:\Users\Alickx\AppData\Local\Programs\Python\Python39\;C:\Users\Alickx\AppData\Local\Microsoft\WindowsApps;D:\IDE\Microsoft VS Code\bin;C:\Users\Alickx\AppData\Roaming\npm;C:\Users\Alickx\go\bin;C:\Users\Alickx\AppData\Local\JetBrains\Toolbox\scripts;D:\LenovoSoftstore\Install\QQliuxidating\QQGameTempest\Hall.57808\
USERNAME=Alickx
OS=Windows_NT
PROCESSOR_IDENTIFIER=AMD64 Family 25 Model 80 Stepping 0, AuthenticAMD



---------------  S Y S T E M  ---------------

OS: Windows 10.0 , 64 bit Build 22000 (10.0.22000.708)

CPU:total 12 (initial active 12) (12 cores per cpu, 1 threads per core) family 25 model 80 stepping 0, cmov, cx8, fxsr, mmx, sse, sse2, sse3, ssse3, sse4.1, sse4.2, popcnt, avx, avx2, aes, clmul, erms, mmxext, 3dnowpref, lzcnt, sse4a, tsc, tscinvbit, tscinv, bmi1

Memory: 4k page, physical 14528572k(1306228k free), swap 40742968k(16216k free)

vm_info: OpenJDK 64-Bit Server VM (25.322-b06) for windows-amd64 JRE (1.8.0_322-b06), built on Jan 19 2022 07:06:38 by "jenkins" with MS VC++ 12.0 (VS2013)

time: Sun Nov 06 18:02:22 2022
timezone: ?D1ú±ê×?ê±??
elapsed time: 5.369948 seconds (0d 0h 0m 5s)

